<?xml version="1.0" encoding="UTF-8"?>
<!-- Generated by org.testng.reporters.JUnitReportReporter -->
<testsuite hostname="LAPTOP-E8GTUNSA" name="VerifyPriceDetailsDriver.VerifyPrice" tests="4" failures="0" timestamp="7 May 2017 01:48:46 GMT" time="11.405" errors="0">
  <testcase name="enterSearchDetails" time="0.589" classname="VerifyPriceDetailsDriver.VerifyPrice"/>
  <testcase name="getSearchResultsCount" time="3.984" classname="VerifyPriceDetailsDriver.VerifyPrice"/>
  <testcase name="getPagePrice" time="3.809" classname="VerifyPriceDetailsDriver.VerifyPrice"/>
  <testcase name="verifyPriceDetails" time="3.023" classname="VerifyPriceDetailsDriver.VerifyPrice"/>
</testsuite> <!-- VerifyPriceDetailsDriver.VerifyPrice -->
